c:\users\ty\downloads\uul-master-4-7-2018\uul-master\uulfilereader\debug\vc141.pdb
c:\users\ty\downloads\uul-master-4-7-2018\uul-master\uulfilereader\debug\vc141.idb
c:\users\ty\downloads\uul-master-4-7-2018\uul-master\uulfilereader\debug\cleanurl.obj
c:\users\ty\downloads\uul-master-4-7-2018\uul-master\uulfilereader\debug\driver.obj
c:\users\ty\downloads\uul-master-4-7-2018\uul-master\uulfilereader\debug\readurl.obj
c:\users\ty\downloads\uul-master-4-7-2018\uul-master\uulfilereader\debug\uulformat.obj
c:\users\ty\downloads\uul-master-4-7-2018\uul-master\debug\uulfilereader.exe
c:\users\ty\downloads\uul-master-4-7-2018\uul-master\debug\uulfilereader.ilk
c:\users\ty\downloads\uul-master-4-7-2018\uul-master\debug\uulfilereader.pdb
c:\users\tyler\downloads\uul-master-4-9-18\uul-master\uulfilereader\debug\cleanurl.obj
c:\users\tyler\downloads\uul-master-4-9-18\uul-master\uulfilereader\debug\driver.obj
c:\users\tyler\downloads\uul-master-4-9-18\uul-master\uulfilereader\debug\readurl.obj
c:\users\tyler\downloads\uul-master-4-9-18\uul-master\uulfilereader\debug\uulformat.obj
c:\users\tyler\downloads\uul-master-4-9-18\uul-master\uulfilereader\debug\vc140.idb
c:\users\tyler\downloads\uul-master-4-9-18\uul-master\uulfilereader\debug\vc141.idb
c:\users\tyler\downloads\uul-master-4-9-18\uul-master\uulfilereader\debug\vc140.pdb
c:\users\tyler\downloads\uul-master-4-9-18\uul-master\uulfilereader\debug\vc141.pdb
c:\users\tyler\downloads\uul-master-4-9-18\uul-master\uulfilereader\debug\uulfilereader.tlog\cl.command.1.tlog
c:\users\tyler\downloads\uul-master-4-9-18\uul-master\uulfilereader\debug\uulfilereader.tlog\cl.read.1.tlog
c:\users\tyler\downloads\uul-master-4-9-18\uul-master\uulfilereader\debug\uulfilereader.tlog\cl.write.1.tlog
c:\users\tyler\downloads\uul-master-4-9-18\uul-master\uulfilereader\debug\uulfilereader.tlog\link.command.1.tlog
c:\users\tyler\downloads\uul-master-4-9-18\uul-master\uulfilereader\debug\uulfilereader.tlog\link.read.1.tlog
c:\users\tyler\downloads\uul-master-4-9-18\uul-master\uulfilereader\debug\uulfilereader.tlog\link.write.1.tlog
